Performing C SOURCE FILE Test CMAKE_HAVE_LIBC_PTHREAD failed with the following output:
Change Dir: /home/lsf/Object_Tracking/SOT/LightTrack_openvino/Cpp_Infer/cmake-build-debug/CMakeFiles/CMakeTmp

Run Build Command(s):/usr/bin/make -f Makefile cmTC_bcd07/fast && /usr/bin/make  -f CMakeFiles/cmTC_bcd07.dir/build.make CMakeFiles/cmTC_bcd07.dir/build
make[1]: Entering directory '/home/lsf/Object_Tracking/SOT/LightTrack_openvino/Cpp_Infer/cmake-build-debug/CMakeFiles/CMakeTmp'
Building C object CMakeFiles/cmTC_bcd07.dir/src.c.o
/usr/bin/cc -DCMAKE_HAVE_LIBC_PTHREAD   -o CMakeFiles/cmTC_bcd07.dir/src.c.o -c /home/lsf/Object_Tracking/SOT/LightTrack_openvino/Cpp_Infer/cmake-build-debug/CMakeFiles/CMakeTmp/src.c
Linking C executable cmTC_bcd07
/opt/cmake-3.21.4/bin/cmake -E cmake_link_script CMakeFiles/cmTC_bcd07.dir/link.txt --verbose=1
/usr/bin/cc CMakeFiles/cmTC_bcd07.dir/src.c.o -o cmTC_bcd07 
/usr/bin/ld: CMakeFiles/cmTC_bcd07.dir/src.c.o: in function `main':
src.c:(.text+0x46): undefined reference to `pthread_create'
/usr/bin/ld: src.c:(.text+0x52): undefined reference to `pthread_detach'
/usr/bin/ld: src.c:(.text+0x5e): undefined reference to `pthread_cancel'
/usr/bin/ld: src.c:(.text+0x6f): undefined reference to `pthread_join'
collect2: error: ld returned 1 exit status
make[1]: *** [CMakeFiles/cmTC_bcd07.dir/build.make:99: cmTC_bcd07] Error 1
make[1]: Leaving directory '/home/lsf/Object_Tracking/SOT/LightTrack_openvino/Cpp_Infer/cmake-build-debug/CMakeFiles/CMakeTmp'
make: *** [Makefile:127: cmTC_bcd07/fast] Error 2


Source file was:
#include <pthread.h>

static void* test_func(void* data)
{
  return data;
}

int main(void)
{
  pthread_t thread;
  pthread_create(&thread, NULL, test_func, NULL);
  pthread_detach(thread);
  pthread_cancel(thread);
  pthread_join(thread, NULL);
  pthread_atfork(NULL, NULL, NULL);
  pthread_exit(NULL);

  return 0;
}

Determining if the function pthread_create exists in the pthreads failed with the following output:
Change Dir: /home/lsf/Object_Tracking/SOT/LightTrack_openvino/Cpp_Infer/cmake-build-debug/CMakeFiles/CMakeTmp

Run Build Command(s):/usr/bin/make -f Makefile cmTC_dc91c/fast && /usr/bin/make  -f CMakeFiles/cmTC_dc91c.dir/build.make CMakeFiles/cmTC_dc91c.dir/build
make[1]: Entering directory '/home/lsf/Object_Tracking/SOT/LightTrack_openvino/Cpp_Infer/cmake-build-debug/CMakeFiles/CMakeTmp'
Building C object CMakeFiles/cmTC_dc91c.dir/CheckFunctionExists.c.o
/usr/bin/cc   -DCHECK_FUNCTION_EXISTS=pthread_create -o CMakeFiles/cmTC_dc91c.dir/CheckFunctionExists.c.o -c /opt/cmake-3.21.4/share/cmake-3.21/Modules/CheckFunctionExists.c
Linking C executable cmTC_dc91c
/opt/cmake-3.21.4/bin/cmake -E cmake_link_script CMakeFiles/cmTC_dc91c.dir/link.txt --verbose=1
/usr/bin/cc  -DCHECK_FUNCTION_EXISTS=pthread_create CMakeFiles/cmTC_dc91c.dir/CheckFunctionExists.c.o -o cmTC_dc91c  -lpthreads 
/usr/bin/ld: cannot find -lpthreads
collect2: error: ld returned 1 exit status
make[1]: *** [CMakeFiles/cmTC_dc91c.dir/build.make:99: cmTC_dc91c] Error 1
make[1]: Leaving directory '/home/lsf/Object_Tracking/SOT/LightTrack_openvino/Cpp_Infer/cmake-build-debug/CMakeFiles/CMakeTmp'
make: *** [Makefile:127: cmTC_dc91c/fast] Error 2



